<?xml version="1.0" encoding="UTF-8"?>
<!-- Generated by org.testng.reporters.JUnitXMLReporter -->
<testsuite hostname="MacBook-Pro.lan" ignored="0" tests="4" failures="1" timestamp="30 Sep 2023 06:33:09 GMT" time="5.051" errors="0">
  <testcase name="openGoogleFinancePage" time="1.649" classname="GoogleFinanceTests"/>
  <testcase name="compareStockSymbols" time="0.128" classname="GoogleFinanceTests">
    <failure type="java.lang.AssertionError" message="expected [[NXST, TSLA, BABA, DIS, F, AMZN]] but found [[NFLX, MSFT, TSLA]]">
      <![CDATA[java.lang.AssertionError: expected [[NXST, TSLA, BABA, DIS, F, AMZN]] but found [[NFLX, MSFT, TSLA]]
at GoogleFinanceTests.compareStockSymbols(GoogleFinanceTests.java:36)
... Removed 36 stack frames]]>
    </failure>
  </testcase> <!-- compareStockSymbols -->
  <testcase name="printAllStocksThatAreInActualButNotInExpected" time="0.099" classname="GoogleFinanceTests"/>
  <testcase name="printAllStocksThatAreInExpectedButNotInActual" time="0.079" classname="GoogleFinanceTests"/>
</testsuite>
