<?xml version="1.0" encoding="UTF-8"?>
<!-- Generated by org.testng.reporters.JUnitXMLReporter -->
<testsuite hostname="MacBook-Pro.lan" ignored="2" tests="4" failures="1" timestamp="2023-10-10T15:46:01 PDT" time="3.256" errors="0">
  <testcase name="openGoogleFinancePage" time="2.874" classname="GoogleFinanceTests"/>
  <testcase name="compareStockSymbols" time="0.162" classname="GoogleFinanceTests">
    <failure type="java.lang.AssertionError" message="expected [[NFLX, MSFT, TSLA]] but found [[NXST, BABA, TSLA, F, AMZN, INDEX]]">
      <![CDATA[java.lang.AssertionError: expected [[NFLX, MSFT, TSLA]] but found [[NXST, BABA, TSLA, F, AMZN, INDEX]]
at GoogleFinanceTests.compareStockSymbols(GoogleFinanceTests.java:31)
at java.util.ArrayList.forEach(ArrayList.java:1257)
... Removed 38 stack frames]]>
    </failure>
  </testcase> <!-- compareStockSymbols -->
  <testcase name="printAllStocksThatAreInActualButNotInExpected" time="0.1" classname="GoogleFinanceTests"/>
  <testcase name="printAllStocksThatAreInExpectedButNotInActual" time="0.093" classname="GoogleFinanceTests"/>
  <testcase name="@AfterSuite tearDown" time="0.0" classname="TestBase">
    <ignored/>
  </testcase> <!-- @AfterSuite tearDown -->
  <testcase name="@BeforeSuite setUp" time="0.0" classname="TestBase">
    <ignored/>
  </testcase> <!-- @BeforeSuite setUp -->
</testsuite>
