<?xml version="1.0" encoding="UTF-8"?>
<testng-results skipped="0" failed="1" ignored="2" total="6" passed="3">
  <reporter-output>
  </reporter-output>
  <suite name="Surefire suite" duration-ms="3256" started-at="2023-10-10T15:45:57 PDT" finished-at="2023-10-10T15:46:01 PDT">
    <groups>
    </groups>
    <test name="Surefire test" duration-ms="3256" started-at="2023-10-10T15:45:57 PDT" finished-at="2023-10-10T15:46:01 PDT">
      <class name="GoogleFinanceTests">
        <test-method status="PASS" signature="setUp()[pri:0, instance:GoogleFinanceTests@528931cf]" name="setUp" is-config="true" duration-ms="2917" started-at="2023-10-10T15:45:55 PDT" finished-at="2023-10-10T15:45:57 PDT">
          <reporter-output>
          </reporter-output>
        </test-method> <!-- setUp -->
        <test-method status="PASS" signature="start()[pri:0, instance:GoogleFinanceTests@528931cf]" name="start" is-config="true" duration-ms="1" started-at="2023-10-10T15:45:57 PDT" finished-at="2023-10-10T15:45:57 PDT">
          <reporter-output>
          </reporter-output>
        </test-method> <!-- start -->
        <test-method status="PASS" signature="openGoogleFinancePage()[pri:1, instance:GoogleFinanceTests@528931cf]" name="openGoogleFinancePage" duration-ms="2874" started-at="2023-10-10T15:45:57 PDT" finished-at="2023-10-10T15:46:00 PDT">
          <reporter-output>
          </reporter-output>
        </test-method> <!-- openGoogleFinancePage -->
        <test-method status="FAIL" signature="compareStockSymbols()[pri:3, instance:GoogleFinanceTests@528931cf]" name="compareStockSymbols" duration-ms="162" started-at="2023-10-10T15:46:00 PDT" finished-at="2023-10-10T15:46:00 PDT">
          <exception class="java.lang.AssertionError">
            <message>
              <![CDATA[expected [[NFLX, MSFT, TSLA]] but found [[NXST, BABA, TSLA, F, AMZN, INDEX]]]]>
            </message>
            <full-stacktrace>
              <![CDATA[java.lang.AssertionError: expected [[NFLX, MSFT, TSLA]] but found [[NXST, BABA, TSLA, F, AMZN, INDEX]]
at org.testng.Assert.fail(Assert.java:99)
at org.testng.Assert.failNotEquals(Assert.java:1037)
at org.testng.Assert.assertEqualsImpl(Assert.java:140)
at org.testng.Assert.assertEquals(Assert.java:122)
at org.testng.Assert.assertEquals(Assert.java:629)
at org.testng.Assert.assertEquals(Assert.java:639)
at GoogleFinanceTests.compareStockSymbols(GoogleFinanceTests.java:31)
at sun.reflect.NativeMethodAccessorImpl.invoke0(Native Method)
at sun.reflect.NativeMethodAccessorImpl.invoke(NativeMethodAccessorImpl.java:62)
at sun.reflect.DelegatingMethodAccessorImpl.invoke(DelegatingMethodAccessorImpl.java:43)
at java.lang.reflect.Method.invoke(Method.java:498)
at org.testng.internal.MethodInvocationHelper.invokeMethod(MethodInvocationHelper.java:133)
at org.testng.internal.TestInvoker.invokeMethod(TestInvoker.java:598)
at org.testng.internal.TestInvoker.invokeTestMethod(TestInvoker.java:173)
at org.testng.internal.MethodRunner.runInSequence(MethodRunner.java:46)
at org.testng.internal.TestInvoker$MethodInvocationAgent.invoke(TestInvoker.java:824)
at org.testng.internal.TestInvoker.invokeTestMethods(TestInvoker.java:146)
at org.testng.internal.TestMethodWorker.invokeTestMethods(TestMethodWorker.java:146)
at org.testng.internal.TestMethodWorker.run(TestMethodWorker.java:128)
at java.util.ArrayList.forEach(ArrayList.java:1257)
at org.testng.TestRunner.privateRun(TestRunner.java:794)
at org.testng.TestRunner.run(TestRunner.java:596)
at org.testng.SuiteRunner.runTest(SuiteRunner.java:377)
at org.testng.SuiteRunner.runSequentially(SuiteRunner.java:371)
at org.testng.SuiteRunner.privateRun(SuiteRunner.java:332)
at org.testng.SuiteRunner.run(SuiteRunner.java:276)
at org.testng.SuiteRunnerWorker.runSuite(SuiteRunnerWorker.java:53)
at org.testng.SuiteRunnerWorker.run(SuiteRunnerWorker.java:96)
at org.testng.TestNG.runSuitesSequentially(TestNG.java:1212)
at org.testng.TestNG.runSuitesLocally(TestNG.java:1134)
at org.testng.TestNG.runSuites(TestNG.java:1063)
at org.testng.TestNG.run(TestNG.java:1031)
at org.apache.maven.surefire.testng.TestNGExecutor.run(TestNGExecutor.java:155)
at org.apache.maven.surefire.testng.TestNGDirectoryTestSuite.executeMulti(TestNGDirectoryTestSuite.java:169)
at org.apache.maven.surefire.testng.TestNGDirectoryTestSuite.execute(TestNGDirectoryTestSuite.java:88)
at org.apache.maven.surefire.testng.TestNGProvider.invoke(TestNGProvider.java:137)
at org.apache.maven.surefire.booter.ForkedBooter.runSuitesInProcess(ForkedBooter.java:385)
at org.apache.maven.surefire.booter.ForkedBooter.execute(ForkedBooter.java:162)
at org.apache.maven.surefire.booter.ForkedBooter.run(ForkedBooter.java:507)
at org.apache.maven.surefire.booter.ForkedBooter.main(ForkedBooter.java:495)
]]>
            </full-stacktrace>
          </exception> <!-- java.lang.AssertionError -->
          <reporter-output>
          </reporter-output>
        </test-method> <!-- compareStockSymbols -->
        <test-method status="PASS" signature="printAllStocksThatAreInActualButNotInExpected()[pri:4, instance:GoogleFinanceTests@528931cf]" name="printAllStocksThatAreInActualButNotInExpected" duration-ms="100" started-at="2023-10-10T15:46:00 PDT" finished-at="2023-10-10T15:46:01 PDT">
          <reporter-output>
          </reporter-output>
        </test-method> <!-- printAllStocksThatAreInActualButNotInExpected -->
        <test-method status="PASS" signature="printAllStocksThatAreInExpectedButNotInActual()[pri:5, instance:GoogleFinanceTests@528931cf]" name="printAllStocksThatAreInExpectedButNotInActual" duration-ms="93" started-at="2023-10-10T15:46:01 PDT" finished-at="2023-10-10T15:46:01 PDT">
          <reporter-output>
          </reporter-output>
        </test-method> <!-- printAllStocksThatAreInExpectedButNotInActual -->
        <test-method status="PASS" signature="tearDown()[pri:0, instance:GoogleFinanceTests@528931cf]" name="tearDown" is-config="true" duration-ms="159" started-at="2023-10-10T15:46:01 PDT" finished-at="2023-10-10T15:46:01 PDT">
          <reporter-output>
          </reporter-output>
        </test-method> <!-- tearDown -->
      </class> <!-- GoogleFinanceTests -->
    </test> <!-- Surefire test -->
  </suite> <!-- Surefire suite -->
</testng-results>
